鴻海(2317)
鴻準(2354)
恩德(1528)
凌巨(8105)
燁輝(2023)
鑫禾(4999)
高林股(1531)
統一實(9907)
中華電(2412)
遠傳(4904)
群益證(6005)
景碩(3189)
台聚(1304)
佳大(2033)
隆達(3698)
三商壽(2867)
晶電(2448)
宏普(2536)
所羅門(2359)
彩晶(6116)
亞聚(1308)
統一證(2855)
力麗(1444)
昆盈(2365)
國產(2504)
群創(3481)
榮成(1909)
集盛(1455)
南紡(1440)
炎洲(4306)
開發金(2883)
光鼎(6226)
永豐餘(1907)
華航(2610)
新光金(2888)
百達-KY(2236)
圓展(3669)
聯成(1313)
光鋐(4956)
鄉林(5531)
彰源(2030)
廣華-KY(1338)
台玻(1802)
友達(2409)
寶隆(1906)
金麗-KY(8429)
達欣工(2535)
益登(3048)
勝悅-KY(1340)
華孚(6235)
王道銀行(2897)
華新(1605)
中釉(1809)
中再保(2851)
力鵬(1447)
和益(1709)
宏碁(2353)
國泰金(2882)
