百和(9938)
台表科(6278)
燁輝(2023)
鑫禾(4999)
志超(8213)
太子(2511)
台灣大(3045)
TPK-KY(3673)
厚生(2107)
遠雄(5522)
明泰(3380)
凌陽(2401)
神達(3706)
昆盈(2365)
亞翔(6139)
華東(8110)
敬鵬(2355)
台虹(8039)
國產(2504)
宏齊(6168)
京元電子(2449)
增你強(3028)
佰鴻(3031)
鈺德(3050)
國喬(1312)
新纖(1409)
群創(3481)
長榮航(2618)
榮成(1909)
建漢(3062)
集盛(1455)
欣陸(3703)
和桐(1714)
兆赫(2485)
南紡(1440)
炎洲(4306)
億光(2393)
金寶(2312)
宏致(3605)
廣宇(2328)
榮運(2607)
精成科(6191)
亞力(1514)
和碩(4938)
正文(4906)
中電(1611)
永豐餘(1907)
新興(2605)
聯電(2303)
圓展(3669)
聯成(1313)
希華(2484)
全漢(3015)
光鋐(4956)
華紙(1905)
彰源(2030)
華碩(2357)
華晶科(3059)
台玻(1802)
嘉聯益(6153)
大亞(1609)
台新金(2887)
奇力新(2456)
凌群(2453)
中工(2515)
國票金(2889)
